********************************************************************************
                                  PROGRAM NAME                                  
                                  version 0.0                                   
                                      2022                                      
Authors:                                                                        
         Andy Zapata                                                            
********************************************************************************

                     Reading Wave Function From MOLDEN File                     
                     --------------------------------------                     
System 
--------------------------------------------------
        H      0.0000   0.0000   0.0586 
        H      0.0000   0.0000   1.4046 
--------------------------------------------------

Primitive Informaiton
--------------------------------------------------
   H     1    6s1p
   H     1    6s1p
==================================================
Total:   2     14

Cartessian Primitive: 18
Spherical Primitive:  18
Occupied Orbitals:    1
Virtuals Orbitals:    17
Ocuppied ⇌ Virtuals:  17
--------------------------------------------------

