Molden's file is valid.
*** Warning VER ESTO MEJORAR
                    Each atom is a molecule. You can group atoms put on the same index
                    into molden file in section [Atoms], second column. Example: 

                    O 1 8 0.0 0.0 0.0
                    H 1 1 0.0 0.0 0.0
                    H 1 1 0.0 0.0 0.0

*** There are l higher p, then is neccesary re-organize mo coefficient ***
*** when is used DALTON, which will done ***
********************************************************************************
***                                  PPESC                                   ***
********************************************************************************

                     ***************************                      
                     * LRESC Shielding Results *                      
                     ***************************                      
                                  Isotropic Values [ppm]                                  
                                            and                                            
                                  Anisotropic Values [ppm]                                
                         ----------------------------------------                        


                                    @@@@ Atom: Cl1 @@@@                                    


                                           Para                                          
                                   |¯¯¯¯¯¯¯¯¯¯¯¯¯¯¯¯¯¯|                                  
                                   |   -218.638259    |                                  
                                   |   -655.914815    |                                  
                                    ¯¯¯¯¯¯¯¯¯¯¯¯¯¯¯¯¯¯                                   

                             ---> Paramagnetic Corrections <---                            

                         <<L; {PSO, K}>>        <<PSO; {L, K}>>                          
                       |¯¯¯¯¯¯¯¯¯¯¯¯¯¯¯¯¯¯|   |¯¯¯¯¯¯¯¯¯¯¯¯¯¯¯¯¯¯|                       
                       |     0.507824     |   |     0.327750     |                       
                       |     1.523472     |   |     0.333368     |                       
                        ¯¯¯¯¯¯¯¯¯¯¯¯¯¯¯¯¯¯     ¯¯¯¯¯¯¯¯¯¯¯¯¯¯¯¯¯¯                        
                            <<FC; K>>              <<SD; K>>                             
                       |¯¯¯¯¯¯¯¯¯¯¯¯¯¯¯¯¯¯|   |¯¯¯¯¯¯¯¯¯¯¯¯¯¯¯¯¯¯|                       
                       |    -79.674765    |   |     0.000000     |                       
                       |    -79.823940    |   |     0.054495     |                       
                        ¯¯¯¯¯¯¯¯¯¯¯¯¯¯¯¯¯¯     ¯¯¯¯¯¯¯¯¯¯¯¯¯¯¯¯¯¯                        
                                           Dia                                           
                                   |¯¯¯¯¯¯¯¯¯¯¯¯¯¯¯¯¯¯|                                  
                                   |   1150.671519    |                                  
                                   |   1153.560518    |                                  
                                    ¯¯¯¯¯¯¯¯¯¯¯¯¯¯¯¯¯¯                                   

                             ---> Diamagnetic Corrections <---                             

                    <FC>                 <PSOOZ>                <DNSKE>                  
            |¯¯¯¯¯¯¯¯¯¯¯¯¯¯¯¯¯¯|   |¯¯¯¯¯¯¯¯¯¯¯¯¯¯¯¯¯¯|   |¯¯¯¯¯¯¯¯¯¯¯¯¯¯¯¯¯¯|           
            |    -0.002226     |   |    -0.299646     |   |    -7.496412     |           
            |    -0.002226     |   |    -0.299646     |   |    -7.496412     |           
             ¯¯¯¯¯¯¯¯¯¯¯¯¯¯¯¯¯¯     ¯¯¯¯¯¯¯¯¯¯¯¯¯¯¯¯¯¯     ¯¯¯¯¯¯¯¯¯¯¯¯¯¯¯¯¯¯            

                               <SD>                <PNSTCGOP>                            
                       |¯¯¯¯¯¯¯¯¯¯¯¯¯¯¯¯¯¯|   |¯¯¯¯¯¯¯¯¯¯¯¯¯¯¯¯¯¯|                       
                       |    -0.000000     |   |     0.208474     |                       
                       |    -0.000000     |   |     0.208474     |                       
                        ¯¯¯¯¯¯¯¯¯¯¯¯¯¯¯¯¯¯     ¯¯¯¯¯¯¯¯¯¯¯¯¯¯¯¯¯¯                        
              NR                 LRESC        
       Para       Dia       Para       Dia        NR       LRESC      Total  
--------------------------------------------------------------------------------
iso -218.6383  1150.6715  -78.8392   -7.5898   932.0333   -86.4290   845.6043 
ani -655.9148  1153.5605  -77.9126   -7.1715   497.6457   -85.0841   412.5616 
                         ---------------------
                           Ligand      Core   
                         ---------------------
iso                        0.8356   -305.9028 
ani                        1.8568   -742.8558 

 :::::::::::::::::::::::::::::::::::::::::::::::::::::::::::::::::::::::::::::::::::::::::


                                     @@@@ Atom: H2 @@@@                                    


                                           Para                                          
                                   |¯¯¯¯¯¯¯¯¯¯¯¯¯¯¯¯¯¯|                                  
                                   |    -54.188928    |                                  
                                   |   -162.566785    |                                  
                                    ¯¯¯¯¯¯¯¯¯¯¯¯¯¯¯¯¯¯                                   

                             ---> Paramagnetic Corrections <---                            

                         <<L; {PSO, K}>>        <<PSO; {L, K}>>                          
                       |¯¯¯¯¯¯¯¯¯¯¯¯¯¯¯¯¯¯|   |¯¯¯¯¯¯¯¯¯¯¯¯¯¯¯¯¯¯|                       
                       |     0.054223     |   |     0.026211     |                       
                       |     0.162669     |   |     0.078590     |                       
                        ¯¯¯¯¯¯¯¯¯¯¯¯¯¯¯¯¯¯     ¯¯¯¯¯¯¯¯¯¯¯¯¯¯¯¯¯¯                        
                            <<FC; K>>              <<SD; K>>                             
                       |¯¯¯¯¯¯¯¯¯¯¯¯¯¯¯¯¯¯|   |¯¯¯¯¯¯¯¯¯¯¯¯¯¯¯¯¯¯|                       
                       |     0.019565     |   |    -0.000000     |                       
                       |    -0.035651     |   |    -0.029642     |                       
                        ¯¯¯¯¯¯¯¯¯¯¯¯¯¯¯¯¯¯     ¯¯¯¯¯¯¯¯¯¯¯¯¯¯¯¯¯¯                        
                                           Dia                                           
                                   |¯¯¯¯¯¯¯¯¯¯¯¯¯¯¯¯¯¯|                                  
                                   |    141.929219    |                                  
                                   |    334.745250    |                                  
                                    ¯¯¯¯¯¯¯¯¯¯¯¯¯¯¯¯¯¯                                   

                             ---> Diamagnetic Corrections <---                             

                    <FC>                 <PSOOZ>                <DNSKE>                  
            |¯¯¯¯¯¯¯¯¯¯¯¯¯¯¯¯¯¯|   |¯¯¯¯¯¯¯¯¯¯¯¯¯¯¯¯¯¯|   |¯¯¯¯¯¯¯¯¯¯¯¯¯¯¯¯¯¯|           
            |    -18.712128    |   |    -0.060141     |   |    -0.090958     |           
            |    -18.712128    |   |    -0.060141     |   |    -0.090958     |           
             ¯¯¯¯¯¯¯¯¯¯¯¯¯¯¯¯¯¯     ¯¯¯¯¯¯¯¯¯¯¯¯¯¯¯¯¯¯     ¯¯¯¯¯¯¯¯¯¯¯¯¯¯¯¯¯¯            

                               <SD>                <PNSTCGOP>                            
                       |¯¯¯¯¯¯¯¯¯¯¯¯¯¯¯¯¯¯|   |¯¯¯¯¯¯¯¯¯¯¯¯¯¯¯¯¯¯|                       
                       |     0.000000     |   |     0.014946     |                       
                       |     0.000000     |   |     0.014946     |                       
                        ¯¯¯¯¯¯¯¯¯¯¯¯¯¯¯¯¯¯     ¯¯¯¯¯¯¯¯¯¯¯¯¯¯¯¯¯¯                        
              NR                 LRESC        
       Para       Dia       Para       Dia        NR       LRESC      Total  
--------------------------------------------------------------------------------
iso  -54.1889   141.9292   0.1000    -18.8483   87.7403   -18.7483   68.9920  
ani -162.5668   334.7452   0.1760    -19.1140  172.1785   -18.9380   153.2405 
                         ---------------------
                           Ligand      Core   
                         ---------------------
iso                        0.0804    -73.0176 
ani                        0.2413   -181.7460 

tttttttttttttttttttt hours:minutes:seconds tttttttttttttttttttt
Coulomb and Exchange Time: 0:7:24.258                         
Build Principal Propagator Time: 0:0:0.153                    
Inverse Time: 0:0:0.814                                       
Build Principal Propagator Time: 0:0:0.232                    
Inverse Time: 0:0:0.812                                       
Build GPV angmom x Time: 0:0:0.014                            
Build GPV pso 1 Time: 0:0:0.021                               
Build GPV angmom y Time: 0:0:0.014                            
Build GPV pso 2 Time: 0:0:0.021                               
Build GPV angmom z Time: 0:0:0.015                            
Build GPV pso 3 Time: 0:0:0.022                               
Build GPV laplacian xx Time: 0:0:0.011                        
Build GPV fc 1 Time: 0:0:0.024                                
Build GPV laplacian yy Time: 0:0:0.011                        
Build GPV fc 1 Time: 0:0:0.024                                
Build GPV laplacian zz Time: 0:0:0.011                        
Build GPV fc 1 Time: 0:0:0.023                                
Build GPV laplacian xx Time: 0:0:0.011                        
Build GPV sd 1 x Time: 0:0:0.018                              
Build GPV laplacian yy Time: 0:0:0.011                        
Build GPV sd 1 x Time: 0:0:0.018                              
Build GPV laplacian zz Time: 0:0:0.011                        
Build GPV sd 1 x Time: 0:0:0.018                              
Build GPV laplacian xx Time: 0:0:0.011                        
Build GPV sd 2 y Time: 0:0:0.018                              
Build GPV laplacian yy Time: 0:0:0.011                        
Build GPV sd 2 y Time: 0:0:0.018                              
Build GPV laplacian zz Time: 0:0:0.011                        
Build GPV sd 2 y Time: 0:0:0.018                              
Build GPV laplacian xx Time: 0:0:0.011                        
Build GPV sd 3 z Time: 0:0:0.018                              
Build GPV laplacian yy Time: 0:0:0.011                        
Build GPV sd 3 z Time: 0:0:0.018                              
Build GPV laplacian zz Time: 0:0:0.011                        
Build GPV sd 3 z Time: 0:0:0.018                              
Build GPV angmom x Time: 0:0:0.014                            
Build GPV psoke 1 Time: 0:0:0.363                             
Build GPV angmom y Time: 0:0:0.014                            
Build GPV psoke 2 Time: 0:0:0.364                             
Build GPV angmom z Time: 0:0:0.014                            
Build GPV psoke 3 Time: 0:0:0.363                             
Build GPV pso 1 Time: 0:0:0.021                               
Build GPV ozke x Time: 0:0:0.038                              
Build GPV pso 2 Time: 0:0:0.021                               
Build GPV ozke y Time: 0:0:0.038                              
Build GPV pso 3 Time: 0:0:0.021                               
Build GPV ozke z Time: 0:0:0.038                              
Build GPV angmom x Time: 0:0:0.014                            
Build GPV pso 4 Time: 0:0:0.040                               
Build GPV angmom y Time: 0:0:0.014                            
Build GPV pso 5 Time: 0:0:0.040                               
Build GPV angmom z Time: 0:0:0.014                            
Build GPV pso 6 Time: 0:0:0.040                               
Build GPV laplacian xx Time: 0:0:0.011                        
Build GPV fc 2 Time: 0:0:0.024                                
Build GPV laplacian yy Time: 0:0:0.011                        
Build GPV fc 2 Time: 0:0:0.024                                
Build GPV laplacian zz Time: 0:0:0.011                        
Build GPV fc 2 Time: 0:0:0.024                                
Build GPV laplacian xx Time: 0:0:0.011                        
Build GPV sd 4 x Time: 0:0:0.041                              
Build GPV laplacian yy Time: 0:0:0.011                        
Build GPV sd 4 x Time: 0:0:0.041                              
Build GPV laplacian zz Time: 0:0:0.011                        
Build GPV sd 4 x Time: 0:0:0.041                              
Build GPV laplacian xx Time: 0:0:0.011                        
Build GPV sd 5 y Time: 0:0:0.041                              
Build GPV laplacian yy Time: 0:0:0.011                        
Build GPV sd 5 y Time: 0:0:0.041                              
Build GPV laplacian zz Time: 0:0:0.011                        
Build GPV sd 5 y Time: 0:0:0.046                              
Build GPV laplacian xx Time: 0:0:0.011                        
Build GPV sd 6 z Time: 0:0:0.041                              
Build GPV laplacian yy Time: 0:0:0.011                        
Build GPV sd 6 z Time: 0:0:0.041                              
Build GPV laplacian zz Time: 0:0:0.011                        
Build GPV sd 6 z Time: 0:0:0.042                              
Build GPV angmom x Time: 0:0:0.014                            
Build GPV psoke 4 Time: 0:0:0.831                             
Build GPV angmom y Time: 0:0:0.014                            
Build GPV psoke 5 Time: 0:0:0.837                             
Build GPV angmom z Time: 0:0:0.014                            
Build GPV psoke 6 Time: 0:0:0.831                             
Build GPV pso 4 Time: 0:0:0.040                               
Build GPV ozke x Time: 0:0:0.038                              
Build GPV pso 5 Time: 0:0:0.040                               
Build GPV ozke y Time: 0:0:0.042                              
Build GPV pso 6 Time: 0:0:0.043                               
Build GPV ozke z Time: 0:0:0.038                              
PPESC Amounts Calculations Time: 0:8:8.337                    
PPESC Time: 0:8:8.338                                         
ttttttttttttttttttttttttttttttttttttttttttttttttttttttttttttttt 

********************************************************************************
***                          END LRESC CALCULATION                           ***
********************************************************************************
