Molden's file is valid.
*** Warning VER ESTO MEJORAR
                    Each atom is a molecule. You can group atoms put on the same index
                    into molden file in section [Atoms], second column. Example: 

                    O 1 8 0.0 0.0 0.0
                    H 1 1 0.0 0.0 0.0
                    H 1 1 0.0 0.0 0.0

*** There are l higher p, then is neccesary re-organize mo coefficient ***
*** when is used DALTON, which will done ***
********************************************************************************
***                                  PPESC                                   ***
********************************************************************************

                     ***************************                      
                     * LRESC Shielding Results *                      
                     ***************************                      
                                  Isotropic Values [ppm]                                  
                                            and                                            
                                  Anisotropic Values [ppm]                                
                         ----------------------------------------                        


                                     @@@@ Atom: F1 @@@@                                    


                                           Para                                          
                                   |¯¯¯¯¯¯¯¯¯¯¯¯¯¯¯¯¯¯|                                  
                                   |    -77.527736    |                                  
                                   |   -232.583240    |                                  
                                    ¯¯¯¯¯¯¯¯¯¯¯¯¯¯¯¯¯¯                                   

                             ---> Paramagnetic Corrections <---                            

                         <<L; {PSO, K}>>        <<PSO; {L, K}>>                          
                       |¯¯¯¯¯¯¯¯¯¯¯¯¯¯¯¯¯¯|   |¯¯¯¯¯¯¯¯¯¯¯¯¯¯¯¯¯¯|                       
                       |     0.037474     |   |     0.036463     |                       
                       |     0.112422     |   |     0.040109     |                       
                        ¯¯¯¯¯¯¯¯¯¯¯¯¯¯¯¯¯¯     ¯¯¯¯¯¯¯¯¯¯¯¯¯¯¯¯¯¯                        
                            <<FC; K>>              <<SD; K>>                             
                       |¯¯¯¯¯¯¯¯¯¯¯¯¯¯¯¯¯¯|   |¯¯¯¯¯¯¯¯¯¯¯¯¯¯¯¯¯¯|                       
                       |    -11.428603    |   |     0.000000     |                       
                       |    -11.492982    |   |     0.005730     |                       
                        ¯¯¯¯¯¯¯¯¯¯¯¯¯¯¯¯¯¯     ¯¯¯¯¯¯¯¯¯¯¯¯¯¯¯¯¯¯                        
                                           Dia                                           
                                   |¯¯¯¯¯¯¯¯¯¯¯¯¯¯¯¯¯¯|                                  
                                   |    482.301531    |                                  
                                   |    482.770422    |                                  
                                    ¯¯¯¯¯¯¯¯¯¯¯¯¯¯¯¯¯¯                                   

                             ---> Diamagnetic Corrections <---                             

                    <FC>                 <PSOOZ>                <DNSKE>                  
            |¯¯¯¯¯¯¯¯¯¯¯¯¯¯¯¯¯¯|   |¯¯¯¯¯¯¯¯¯¯¯¯¯¯¯¯¯¯|   |¯¯¯¯¯¯¯¯¯¯¯¯¯¯¯¯¯¯|           
            |    -0.002392     |   |    -0.018241     |   |    -0.996498     |           
            |    -0.002392     |   |    -0.018241     |   |    -0.996498     |           
             ¯¯¯¯¯¯¯¯¯¯¯¯¯¯¯¯¯¯     ¯¯¯¯¯¯¯¯¯¯¯¯¯¯¯¯¯¯     ¯¯¯¯¯¯¯¯¯¯¯¯¯¯¯¯¯¯            

                               <SD>                <PNSTCGOP>                            
                       |¯¯¯¯¯¯¯¯¯¯¯¯¯¯¯¯¯¯|   |¯¯¯¯¯¯¯¯¯¯¯¯¯¯¯¯¯¯|                       
                       |     0.000000     |   |     0.025127     |                       
                       |     0.000000     |   |     0.025127     |                       
                        ¯¯¯¯¯¯¯¯¯¯¯¯¯¯¯¯¯¯     ¯¯¯¯¯¯¯¯¯¯¯¯¯¯¯¯¯¯                        
              NR                 LRESC        
       Para       Dia       Para       Dia        NR       LRESC      Total          4c(para/dia)
-------------------------------------------------------------------------------- 
iso  -77.5277   482.3015  -11.3547   -0.9920   404.7738   -12.3467   392.4271 402.7634(-68.5423/471.3057)
ani -232.5832   482.7704  -11.3347   -0.9409   250.1872   -12.2757   237.9115     114.3115
                         ---------------------
                           Ligand      Core   
                         ---------------------
iso                        0.0739    -89.9483 
ani                        0.1525   -245.0114 

 :::::::::::::::::::::::::::::::::::::::::::::::::::::::::::::::::::::::::::::::::::::::::


                                     @@@@ Atom: H2 @@@@                                    


                                           Para                                          
                                   |¯¯¯¯¯¯¯¯¯¯¯¯¯¯¯¯¯¯|                                  
                                   |    -65.352739    |                                  
                                   |   -196.058216    |                                  
                                    ¯¯¯¯¯¯¯¯¯¯¯¯¯¯¯¯¯¯                                   

                             ---> Paramagnetic Corrections <---                            

                         <<L; {PSO, K}>>        <<PSO; {L, K}>>                          
                       |¯¯¯¯¯¯¯¯¯¯¯¯¯¯¯¯¯¯|   |¯¯¯¯¯¯¯¯¯¯¯¯¯¯¯¯¯¯|                       
                       |     0.020991     |   |     0.009526     |                       
                       |     0.062974     |   |     0.028458     |                       
                        ¯¯¯¯¯¯¯¯¯¯¯¯¯¯¯¯¯¯     ¯¯¯¯¯¯¯¯¯¯¯¯¯¯¯¯¯¯                        
                            <<FC; K>>              <<SD; K>>                             
                       |¯¯¯¯¯¯¯¯¯¯¯¯¯¯¯¯¯¯|   |¯¯¯¯¯¯¯¯¯¯¯¯¯¯¯¯¯¯|                       
                       |     0.026077     |   |    -0.000000     |                       
                       |    -0.031421     |   |    -0.069543     |                       
                        ¯¯¯¯¯¯¯¯¯¯¯¯¯¯¯¯¯¯     ¯¯¯¯¯¯¯¯¯¯¯¯¯¯¯¯¯¯                        
                                           Dia                                           
                                   |¯¯¯¯¯¯¯¯¯¯¯¯¯¯¯¯¯¯|                                  
                                   |    108.369902    |                                  
                                   |    237.167336    |                                  
                                    ¯¯¯¯¯¯¯¯¯¯¯¯¯¯¯¯¯¯                                   

                             ---> Diamagnetic Corrections <---                             

                    <FC>                 <PSOOZ>                <DNSKE>                  
            |¯¯¯¯¯¯¯¯¯¯¯¯¯¯¯¯¯¯|   |¯¯¯¯¯¯¯¯¯¯¯¯¯¯¯¯¯¯|   |¯¯¯¯¯¯¯¯¯¯¯¯¯¯¯¯¯¯|           
            |    -2.565692     |   |    -0.018106     |   |    -0.027944     |           
            |    -2.565692     |   |    -0.018106     |   |    -0.027944     |           
             ¯¯¯¯¯¯¯¯¯¯¯¯¯¯¯¯¯¯     ¯¯¯¯¯¯¯¯¯¯¯¯¯¯¯¯¯¯     ¯¯¯¯¯¯¯¯¯¯¯¯¯¯¯¯¯¯            

                               <SD>                <PNSTCGOP>                            
                       |¯¯¯¯¯¯¯¯¯¯¯¯¯¯¯¯¯¯|   |¯¯¯¯¯¯¯¯¯¯¯¯¯¯¯¯¯¯|                       
                       |     0.000000     |   |     0.004442     |                       
                       |     0.000000     |   |     0.004442     |                       
                        ¯¯¯¯¯¯¯¯¯¯¯¯¯¯¯¯¯¯     ¯¯¯¯¯¯¯¯¯¯¯¯¯¯¯¯¯¯                        
              NR                 LRESC        
       Para       Dia       Para       Dia        NR       LRESC      Total       4c(para/dia)
--------------------------------------------------------------------------------
iso  -65.3527   108.3699   0.0566    -2.6073    43.0172   -2.5507    40.4665  34.4590(-31.8262/66.2852)
ani -196.0582   237.1673   -0.0095   -2.6825    41.1091   -2.6920    38.4171  11.4321
                         ---------------------
                           Ligand      Core   
                         ---------------------
iso                        0.0305    -67.9340 
ani                        0.0914   -198.8416 

tttttttttttttttttttt hours:minutes:seconds tttttttttttttttttttt
Coulomb and Exchange Time: 0:3:55.103                         
Build Principal Propagator Time: 0:0:0.032                    
Inverse Time: 0:0:0.225                                       
Build Principal Propagator Time: 0:0:0.092                    
Inverse Time: 0:0:0.238                                       
Build GPV angmom x Time: 0:0:0.017                            
Build GPV pso 1 Time: 0:0:0.025                               
Build GPV angmom y Time: 0:0:0.018                            
Build GPV pso 2 Time: 0:0:0.027                               
Build GPV angmom z Time: 0:0:0.015                            
Build GPV pso 3 Time: 0:0:0.022                               
Build GPV laplacian xx Time: 0:0:0.014                        
Build GPV fc 1 Time: 0:0:0.027                                
Build GPV laplacian yy Time: 0:0:0.013                        
Build GPV fc 1 Time: 0:0:0.030                                
Build GPV laplacian zz Time: 0:0:0.016                        
Build GPV fc 1 Time: 0:0:0.026                                
Build GPV laplacian xx Time: 0:0:0.013                        
Build GPV sd 1 x Time: 0:0:0.021                              
Build GPV laplacian yy Time: 0:0:0.013                        
Build GPV sd 1 x Time: 0:0:0.021                              
Build GPV laplacian zz Time: 0:0:0.013                        
Build GPV sd 1 x Time: 0:0:0.021                              
Build GPV laplacian xx Time: 0:0:0.012                        
Build GPV sd 2 y Time: 0:0:0.022                              
Build GPV laplacian yy Time: 0:0:0.013                        
Build GPV sd 2 y Time: 0:0:0.023                              
Build GPV laplacian zz Time: 0:0:0.019                        
Build GPV sd 2 y Time: 0:0:0.026                              
Build GPV laplacian xx Time: 0:0:0.014                        
Build GPV sd 3 z Time: 0:0:0.022                              
Build GPV laplacian yy Time: 0:0:0.014                        
Build GPV sd 3 z Time: 0:0:0.022                              
Build GPV laplacian zz Time: 0:0:0.016                        
Build GPV sd 3 z Time: 0:0:0.020                              
Build GPV angmom x Time: 0:0:0.018                            
Build GPV psoke 1 Time: 0:0:0.375                             
Build GPV angmom y Time: 0:0:0.019                            
Build GPV psoke 2 Time: 0:0:0.429                             
Build GPV angmom z Time: 0:0:0.019                            
Build GPV psoke 3 Time: 0:0:0.378                             
Build GPV pso 1 Time: 0:0:0.024                               
Build GPV ozke x Time: 0:0:0.041                              
Build GPV pso 2 Time: 0:0:0.025                               
Build GPV ozke y Time: 0:0:0.044                              
Build GPV pso 3 Time: 0:0:0.025                               
Build GPV ozke z Time: 0:0:0.041                              
Build GPV angmom x Time: 0:0:0.025                            
Build GPV pso 4 Time: 0:0:0.048                               
Build GPV angmom y Time: 0:0:0.018                            
Build GPV pso 5 Time: 0:0:0.044                               
Build GPV angmom z Time: 0:0:0.018                            
Build GPV pso 6 Time: 0:0:0.047                               
Build GPV laplacian xx Time: 0:0:0.020                        
Build GPV fc 2 Time: 0:0:0.025                                
Build GPV laplacian yy Time: 0:0:0.013                        
Build GPV fc 2 Time: 0:0:0.029                                
Build GPV laplacian zz Time: 0:0:0.012                        
Build GPV fc 2 Time: 0:0:0.031                                
Build GPV laplacian xx Time: 0:0:0.013                        
Build GPV sd 4 x Time: 0:0:0.045                              
Build GPV laplacian yy Time: 0:0:0.011                        
Build GPV sd 4 x Time: 0:0:0.045                              
Build GPV laplacian zz Time: 0:0:0.014                        
Build GPV sd 4 x Time: 0:0:0.047                              
Build GPV laplacian xx Time: 0:0:0.016                        
Build GPV sd 5 y Time: 0:0:0.047                              
Build GPV laplacian yy Time: 0:0:0.012                        
Build GPV sd 5 y Time: 0:0:0.046                              
Build GPV laplacian zz Time: 0:0:0.013                        
Build GPV sd 5 y Time: 0:0:0.048                              
Build GPV laplacian xx Time: 0:0:0.015                        
Build GPV sd 6 z Time: 0:0:0.051                              
Build GPV laplacian yy Time: 0:0:0.015                        
Build GPV sd 6 z Time: 0:0:0.046                              
Build GPV laplacian zz Time: 0:0:0.014                        
Build GPV sd 6 z Time: 0:0:0.041                              
Build GPV angmom x Time: 0:0:0.016                            
Build GPV psoke 4 Time: 0:0:0.793                             
Build GPV angmom y Time: 0:0:0.019                            
Build GPV psoke 5 Time: 0:0:0.712                             
Build GPV angmom z Time: 0:0:0.016                            
Build GPV psoke 6 Time: 0:0:0.647                             
Build GPV pso 4 Time: 0:0:0.036                               
Build GPV ozke x Time: 0:0:0.034                              
Build GPV pso 5 Time: 0:0:0.033                               
Build GPV ozke y Time: 0:0:0.032                              
Build GPV pso 6 Time: 0:0:0.033                               
Build GPV ozke z Time: 0:0:0.032                              
PPESC Amounts Calculations Time: 0:4:32.950                   
PPESC Time: 0:4:32.954                                        
ttttttttttttttttttttttttttttttttttttttttttttttttttttttttttttttt 

********************************************************************************
***                          END LRESC CALCULATION                           ***
********************************************************************************
