Molden's file is valid.
*** Warning VER ESTO MEJORAR
                    Each atom is a molecule. You can group atoms put on the same index
                    into molden file in section [Atoms], second column. Example: 

                    O 1 8 0.0 0.0 0.0
                    H 1 1 0.0 0.0 0.0
                    H 1 1 0.0 0.0 0.0

*** There are l higher p, then is neccesary re-organize mo coefficient ***
*** when is used DALTON, which will done ***
********************************************************************************
***                                  PPESC                                   ***
********************************************************************************
***Warning 

                The fock object didn't recive any or nothing of the molecular orbitals energies.

                    if you'll want calculate, you can use:
                    * calculate_hf_moe: Use the wave funtion or kinetic, e->-<nucleu interactoin,
                    and electron repulsion integrals


*** Calculating: kinetic, nucpot and electron repulsion atomic integrals


 Relativity correction Massvelo and Darwin will be calculate 


********************************************************************************
***                            HERMITE: ONE BODY                             ***
********************************************************************************
********************************************************************************
***                          END HERMITE: ONE BODY                           ***
********************************************************************************
********************************************************************************
***                            HERMITE: TWO BODY                             ***
********************************************************************************
********************************************************************************
***                          END HERMITE: TWO BODY                           ***
********************************************************************************
********************************************************************************
***             CALCULATING: FOCK MATRIX AT HARTREE--FOCK LEVEL              ***
********************************************************************************

 Print the first 20 Hartree--Fock molecular orbitals energies: 

  -26.289935     -1.598709      -0.765412      -0.646678      -0.646678   
   0.122197       0.480226       0.694989       0.694989       0.702862   
   1.133183       1.133183       1.265475       1.481864       1.854254   
   3.257461       3.257461       3.372179       3.941092       3.941092   
   4.160586       4.160586       4.869852       5.861621       6.273862   
  11.659970      11.659970      11.803404      25.819403      28.156417   


  E(LUMO):          0.122197          au
- E(HOMO):         -0.646678          au
----------------------------------------
    gap  :          0.768875          au


========================================

Electronic energy: -105.25363088336424
Nuclear energy: 5.193669743184452
Total energy (HF): -100.05996114017978 

========================================

Print the first 20 Hartree--Fock molecular orbitals energies with
                        relativities corrections: 

    -26.326313(-0.138%)           -1.602617(-0.244%)           -0.766375(-0.126%)     
     -0.647687(-0.156%)           -0.647687(-0.156%)           0.121958(-0.196%)      
     0.479892(-0.070%)            0.694558(-0.062%)            0.694558(-0.062%)      

Note: Between parethesis is the relativity correction in porcentage
                    (formule: relativity correction/ABS(Total)*100)

  E(LUMO):          0.121958          au
- E(HOMO):         -0.647687          au
----------------------------------------
    gap  :          0.769644          au
**********************************************************************
***WARNING***
The last virtual orbital energy is negative.


Then, there is a exponent in the basis set very high, in general,
they are associated with S atomic orbitals.
**********************************************************************

================================================================================
Darwin Correction : 0.3248772050 au
Massvelo Correction : -0.4114112000 au

Total Relativistic Corrections : -0.0865339950 au (0.0865%)
Non-Relativistic + Relativistic Corrections : -100.1464951352 au
================================================================================
********************************************************************************
***           END CALCULATING: FOCK MATRIX AT HARTREE--FOCK LEVEL            ***
********************************************************************************
