Molden's file is valid.
*** Warning VER ESTO MEJORAR
                    Each atom is a molecule. You can group atoms put on the same index
                    into molden file in section [Atoms], second column. Example: 

                    O 1 8 0.0 0.0 0.0
                    H 1 1 0.0 0.0 0.0
                    H 1 1 0.0 0.0 0.0

*** There are l higher p, then is neccesary re-organize mo coefficient ***
*** when is used DALTON, which will done ***
********************************************************************************
***                                  LRESC                                   ***
********************************************************************************

                     ***************************                      
                     * LRESC Shielding Results *                      
                     ***************************                      
                                  Isotropic Values [ppm]                                  
                                            and                                                                             Anisotropic Values [ppm]                                
                         ----------------------------------------                        


                                     @@@@ Atom: F1 @@@@                                    


                                           Para                                          
                                   |¯¯¯¯¯¯¯¯¯¯¯¯¯¯¯¯¯¯|                                  
                                   |    -77.527736    |                                  
                                   |   -232.583240    |                                  
                                    ¯¯¯¯¯¯¯¯¯¯¯¯¯¯¯¯¯¯                                   

                             ---> Paramagnetic Corrections <---                            

                         <<L; {PSO, K}>>        <<PSO; {L, K}>>                          
                       |¯¯¯¯¯¯¯¯¯¯¯¯¯¯¯¯¯¯|   |¯¯¯¯¯¯¯¯¯¯¯¯¯¯¯¯¯¯|                       
                       |     0.149896     |   |     0.291705     |                       
                       |     0.449688     |   |     0.320873     |                       
                        ¯¯¯¯¯¯¯¯¯¯¯¯¯¯¯¯¯¯     ¯¯¯¯¯¯¯¯¯¯¯¯¯¯¯¯¯¯                        
     <<FC; K>>              <<SD; K>>              <<FC; BSO>>            <<SD; BSO>>     
|¯¯¯¯¯¯¯¯¯¯¯¯¯¯¯¯¯¯|   |¯¯¯¯¯¯¯¯¯¯¯¯¯¯¯¯¯¯|   |¯¯¯¯¯¯¯¯¯¯¯¯¯¯¯¯¯¯|   |¯¯¯¯¯¯¯¯¯¯¯¯¯¯¯¯¯¯|
|    34.285810     |   |    -0.031041     |   |    -3.062327     |   |     0.062517     |
|    34.285810     |   |    -0.028954     |   |    -3.026916     |   |     0.057776     |
 ¯¯¯¯¯¯¯¯¯¯¯¯¯¯¯¯¯¯     ¯¯¯¯¯¯¯¯¯¯¯¯¯¯¯¯¯¯     ¯¯¯¯¯¯¯¯¯¯¯¯¯¯¯¯¯¯     ¯¯¯¯¯¯¯¯¯¯¯¯¯¯¯¯¯¯ 
                          <<L; PSO, Mv>>         <<L; PSO, Dw>>                          
                       |¯¯¯¯¯¯¯¯¯¯¯¯¯¯¯¯¯¯|   |¯¯¯¯¯¯¯¯¯¯¯¯¯¯¯¯¯¯|                       
                       |     0.000000     |   |    -0.000000     |                       
                       |     0.000001     |   |    -0.000001     |                       
                        ¯¯¯¯¯¯¯¯¯¯¯¯¯¯¯¯¯¯     ¯¯¯¯¯¯¯¯¯¯¯¯¯¯¯¯¯¯                        
                          <<L; FC, SO>>          <<L; SD, SO>>                           
                       |¯¯¯¯¯¯¯¯¯¯¯¯¯¯¯¯¯¯|   |¯¯¯¯¯¯¯¯¯¯¯¯¯¯¯¯¯¯|                       
                       |    -0.000000     |   |     0.000000     |                       
                       |    -0.000000     |   |     0.000000     |                       
                        ¯¯¯¯¯¯¯¯¯¯¯¯¯¯¯¯¯¯     ¯¯¯¯¯¯¯¯¯¯¯¯¯¯¯¯¯¯                        
                                           Dia                                           
                                   |¯¯¯¯¯¯¯¯¯¯¯¯¯¯¯¯¯¯|                                  
                                   |    482.301531    |                                  
                                   |    482.770422    |                                  
                                    ¯¯¯¯¯¯¯¯¯¯¯¯¯¯¯¯¯¯                                   

                             ---> Diamagnetic Corrections <---                             

                            <<A²; Mv>>             <<A²; Dw>>                            
                       |¯¯¯¯¯¯¯¯¯¯¯¯¯¯¯¯¯¯|   |¯¯¯¯¯¯¯¯¯¯¯¯¯¯¯¯¯¯|                       
                       |    -0.012545     |   |     0.012419     |                       
                       |    -0.210825     |   |     0.088411     |                       
                        ¯¯¯¯¯¯¯¯¯¯¯¯¯¯¯¯¯¯     ¯¯¯¯¯¯¯¯¯¯¯¯¯¯¯¯¯¯                        
                    <FC>                 <PSOOZ>                <DNSKE>                  
            |¯¯¯¯¯¯¯¯¯¯¯¯¯¯¯¯¯¯|   |¯¯¯¯¯¯¯¯¯¯¯¯¯¯¯¯¯¯|   |¯¯¯¯¯¯¯¯¯¯¯¯¯¯¯¯¯¯|           
            |    -0.004186     |   |    -0.036482     |   |    -0.872616     |           
            |    -0.004186     |   |    -0.036482     |   |    -0.872616     |           
             ¯¯¯¯¯¯¯¯¯¯¯¯¯¯¯¯¯¯     ¯¯¯¯¯¯¯¯¯¯¯¯¯¯¯¯¯¯     ¯¯¯¯¯¯¯¯¯¯¯¯¯¯¯¯¯¯            
              NR                 LRESC        
       Para       Dia       Para       Dia        NR       LRESC      Total  
--------------------------------------------------------------------------------
iso  -77.5277   482.3015   31.7280   -0.9134   404.7738   30.8146    435.5884 
ani -232.5832   482.7704   32.1527   -1.0283   250.1872   31.1244    281.3116 
                         ---------------------
                           Ligand      Core   
                         ---------------------
iso                        0.4416    -47.1547 
ani                        0.7706   -202.2294 

 :::::::::::::::::::::::::::::::::::::::::::::::::::::::::::::::::::::::::::::::::::::::::


                                     @@@@ Atom: H2 @@@@                                    


                                           Para                                          
                                   |¯¯¯¯¯¯¯¯¯¯¯¯¯¯¯¯¯¯|                                  
                                   |    -65.352739    |                                  
                                   |   -196.058216    |                                  
                                    ¯¯¯¯¯¯¯¯¯¯¯¯¯¯¯¯¯¯                                   

                             ---> Paramagnetic Corrections <---                            

                         <<L; {PSO, K}>>        <<PSO; {L, K}>>                          
                       |¯¯¯¯¯¯¯¯¯¯¯¯¯¯¯¯¯¯|   |¯¯¯¯¯¯¯¯¯¯¯¯¯¯¯¯¯¯|                       
                       |     0.083965     |   |     0.076212     |                       
                       |     0.251896     |   |     0.227667     |                       
                        ¯¯¯¯¯¯¯¯¯¯¯¯¯¯¯¯¯¯     ¯¯¯¯¯¯¯¯¯¯¯¯¯¯¯¯¯¯                        
     <<FC; K>>              <<SD; K>>              <<FC; BSO>>            <<SD; BSO>>     
|¯¯¯¯¯¯¯¯¯¯¯¯¯¯¯¯¯¯|   |¯¯¯¯¯¯¯¯¯¯¯¯¯¯¯¯¯¯|   |¯¯¯¯¯¯¯¯¯¯¯¯¯¯¯¯¯¯|   |¯¯¯¯¯¯¯¯¯¯¯¯¯¯¯¯¯¯|
|    -0.078230     |   |    -0.000089     |   |     0.019980     |   |     0.000290     |
|    -0.078230     |   |     0.003235     |   |     0.035816     |   |     0.011902     |
 ¯¯¯¯¯¯¯¯¯¯¯¯¯¯¯¯¯¯     ¯¯¯¯¯¯¯¯¯¯¯¯¯¯¯¯¯¯     ¯¯¯¯¯¯¯¯¯¯¯¯¯¯¯¯¯¯     ¯¯¯¯¯¯¯¯¯¯¯¯¯¯¯¯¯¯ 
                          <<L; PSO, Mv>>         <<L; PSO, Dw>>                          
                       |¯¯¯¯¯¯¯¯¯¯¯¯¯¯¯¯¯¯|   |¯¯¯¯¯¯¯¯¯¯¯¯¯¯¯¯¯¯|                       
                       |    -0.000001     |   |     0.000000     |                       
                       |    -0.000002     |   |     0.000001     |                       
                        ¯¯¯¯¯¯¯¯¯¯¯¯¯¯¯¯¯¯     ¯¯¯¯¯¯¯¯¯¯¯¯¯¯¯¯¯¯                        
                          <<L; FC, SO>>          <<L; SD, SO>>                           
                       |¯¯¯¯¯¯¯¯¯¯¯¯¯¯¯¯¯¯|   |¯¯¯¯¯¯¯¯¯¯¯¯¯¯¯¯¯¯|                       
                       |     0.000000     |   |     0.000000     |                       
                       |     0.000000     |   |     0.000000     |                       
                        ¯¯¯¯¯¯¯¯¯¯¯¯¯¯¯¯¯¯     ¯¯¯¯¯¯¯¯¯¯¯¯¯¯¯¯¯¯                        
                                           Dia                                           
                                   |¯¯¯¯¯¯¯¯¯¯¯¯¯¯¯¯¯¯|                                  
                                   |    108.369902    |                                  
                                   |    237.167336    |                                  
                                    ¯¯¯¯¯¯¯¯¯¯¯¯¯¯¯¯¯¯                                   

                             ---> Diamagnetic Corrections <---                             

                            <<A²; Mv>>             <<A²; Dw>>                            
                       |¯¯¯¯¯¯¯¯¯¯¯¯¯¯¯¯¯¯|   |¯¯¯¯¯¯¯¯¯¯¯¯¯¯¯¯¯¯|                       
                       |    -0.012545     |   |     0.012419     |                       
                       |    -0.210825     |   |     0.088411     |                       
                        ¯¯¯¯¯¯¯¯¯¯¯¯¯¯¯¯¯¯     ¯¯¯¯¯¯¯¯¯¯¯¯¯¯¯¯¯¯                        
                    <FC>                 <PSOOZ>                <DNSKE>                  
            |¯¯¯¯¯¯¯¯¯¯¯¯¯¯¯¯¯¯|   |¯¯¯¯¯¯¯¯¯¯¯¯¯¯¯¯¯¯|   |¯¯¯¯¯¯¯¯¯¯¯¯¯¯¯¯¯¯|           
            |    -4.489961     |   |    -0.036211     |   |    -0.024470     |           
            |    -4.489961     |   |    -0.036211     |   |    -0.024470     |           
             ¯¯¯¯¯¯¯¯¯¯¯¯¯¯¯¯¯¯     ¯¯¯¯¯¯¯¯¯¯¯¯¯¯¯¯¯¯     ¯¯¯¯¯¯¯¯¯¯¯¯¯¯¯¯¯¯            
              NR                 LRESC        
       Para       Dia       Para       Dia        NR       LRESC      Total  
--------------------------------------------------------------------------------
iso  -65.3527   108.3699   0.1023    -4.5508    43.0172   -4.4484    38.5687  
ani -196.0582   237.1673   0.4529    -4.7897    41.1091   -4.3368    36.7723  
                         ---------------------
                           Ligand      Core   
                         ---------------------
iso                        0.1602    -69.9614 
ani                        0.4796   -200.8746 

tttttttttttttttttttt hours:minutes:seconds tttttttttttttttttttt
Coulomb and Exchange Time: 0:4:0.717                          
Build Principal Propagator Time: 0:0:0.034                    
Inverse Time: 0:0:0.309                                       
Build Principal Propagator Time: 0:0:0.105                    
Inverse Time: 0:0:0.295                                       
Build Principal Propagator Time: 0:0:0.103                    
Inverse Time: 0:0:0.354                                       
Build GPV angmom x Time: 0:0:0.016                            
Build GPV pso 1 Time: 0:0:0.023                               
Build GPV angmom y Time: 0:0:0.022                            
Build GPV pso 2 Time: 0:0:0.023                               
Build GPV angmom z Time: 0:0:0.014                            
Build GPV pso 3 Time: 0:0:0.027                               
Build GPV kinetic Time: 0:0:0.016                             
Build GPV fc 1 Time: 0:0:0.027                                
Build GPV laplacian xx Time: 0:0:0.016                        
Build GPV sd 1 x Time: 0:0:0.020                              
Build GPV laplacian xy Time: 0:0:0.017                        
Build GPV sd 1 x Time: 0:0:0.025                              
Build GPV laplacian xz Time: 0:0:0.013                        
Build GPV sd 1 x Time: 0:0:0.018                              
Build GPV laplacian xx Time: 0:0:0.013                        
Build GPV sd 1 y Time: 0:0:0.011                              
Build GPV laplacian xy Time: 0:0:0.014                        
Build GPV sd 1 y Time: 0:0:0.008                              
Build GPV laplacian xz Time: 0:0:0.013                        
Build GPV sd 1 y Time: 0:0:0.010                              
Build GPV laplacian xx Time: 0:0:0.012                        
Build GPV sd 1 z Time: 0:0:0.009                              
Build GPV laplacian xy Time: 0:0:0.012                        
Build GPV sd 1 z Time: 0:0:0.010                              
Build GPV laplacian xz Time: 0:0:0.011                        
Build GPV sd 1 z Time: 0:0:0.008                              
Build GPV laplacian xy Time: 0:0:0.013                        
Build GPV sd 2 x Time: 0:0:0.010                              
Build GPV laplacian yy Time: 0:0:0.014                        
Build GPV sd 2 x Time: 0:0:0.011                              
Build GPV laplacian yz Time: 0:0:0.012                        
Build GPV sd 2 x Time: 0:0:0.010                              
Build GPV laplacian xy Time: 0:0:0.013                        
Build GPV sd 2 y Time: 0:0:0.021                              
Build GPV laplacian yy Time: 0:0:0.013                        
Build GPV sd 2 y Time: 0:0:0.020                              
Build GPV laplacian yz Time: 0:0:0.013                        
Build GPV sd 2 y Time: 0:0:0.022                              
Build GPV laplacian xy Time: 0:0:0.012                        
Build GPV sd 2 z Time: 0:0:0.011                              
Build GPV laplacian yy Time: 0:0:0.012                        
Build GPV sd 2 z Time: 0:0:0.011                              
Build GPV laplacian yz Time: 0:0:0.012                        
Build GPV sd 2 z Time: 0:0:0.011                              
Build GPV laplacian xz Time: 0:0:0.010                        
Build GPV sd 3 x Time: 0:0:0.011                              
Build GPV laplacian yz Time: 0:0:0.017                        
Build GPV sd 3 x Time: 0:0:0.011                              
Build GPV laplacian zz Time: 0:0:0.013                        
Build GPV sd 3 x Time: 0:0:0.012                              
Build GPV laplacian xz Time: 0:0:0.012                        
Build GPV sd 3 y Time: 0:0:0.011                              
Build GPV laplacian yz Time: 0:0:0.015                        
Build GPV sd 3 y Time: 0:0:0.014                              
Build GPV laplacian zz Time: 0:0:0.018                        
Build GPV sd 3 y Time: 0:0:0.014                              
Build GPV laplacian xz Time: 0:0:0.021                        
Build GPV sd 3 z Time: 0:0:0.033                              
Build GPV laplacian yz Time: 0:0:0.016                        
Build GPV sd 3 z Time: 0:0:0.028                              
Build GPV laplacian zz Time: 0:0:0.024                        
Build GPV sd 3 z Time: 0:0:0.031                              
Build GPV fc 1 Time: 0:0:0.039                                
Build GPV sofiel xx Time: 0:0:0.117                           
Build GPV fc 1 Time: 0:0:0.039                                
Build GPV sofiel yy Time: 0:0:0.116                           
Build GPV fc 1 Time: 0:0:0.036                                
Build GPV sofiel zz Time: 0:0:0.111                           
Build GPV sd 1 x Time: 0:0:0.030                              
Build GPV sofiel xx Time: 0:0:0.111                           
Build GPV sd 1 x Time: 0:0:0.029                              
Build GPV sofiel yx Time: 0:0:0.058                           
Build GPV sd 1 x Time: 0:0:0.028                              
Build GPV sofiel zx Time: 0:0:0.060                           
Build GPV sd 1 y Time: 0:0:0.014                              
Build GPV sofiel xx Time: 0:0:0.118                           
Build GPV sd 1 y Time: 0:0:0.012                              
Build GPV sofiel yx Time: 0:0:0.062                           
Build GPV sd 1 y Time: 0:0:0.016                              
Build GPV sofiel zx Time: 0:0:0.067                           
Build GPV sd 1 z Time: 0:0:0.013                              
Build GPV sofiel xx Time: 0:0:0.117                           
Build GPV sd 1 z Time: 0:0:0.013                              
Build GPV sofiel yx Time: 0:0:0.062                           
Build GPV sd 1 z Time: 0:0:0.018                              
Build GPV sofiel zx Time: 0:0:0.064                           
Build GPV sd 2 x Time: 0:0:0.015                              
Build GPV sofiel xy Time: 0:0:0.058                           
Build GPV sd 2 x Time: 0:0:0.013                              
Build GPV sofiel yy Time: 0:0:0.109                           
Build GPV sd 2 x Time: 0:0:0.015                              
Build GPV sofiel zy Time: 0:0:0.058                           
Build GPV sd 2 y Time: 0:0:0.028                              
Build GPV sofiel xy Time: 0:0:0.059                           
Build GPV sd 2 y Time: 0:0:0.031                              
Build GPV sofiel yy Time: 0:0:0.118                           
Build GPV sd 2 y Time: 0:0:0.031                              
Build GPV sofiel zy Time: 0:0:0.057                           
Build GPV sd 2 z Time: 0:0:0.017                              
Build GPV sofiel xy Time: 0:0:0.062                           
Build GPV sd 2 z Time: 0:0:0.014                              
Build GPV sofiel yy Time: 0:0:0.115                           
Build GPV sd 2 z Time: 0:0:0.015                              
Build GPV sofiel zy Time: 0:0:0.061                           
Build GPV sd 3 x Time: 0:0:0.014                              
Build GPV sofiel xz Time: 0:0:0.060                           
Build GPV sd 3 x Time: 0:0:0.014                              
Build GPV sofiel yz Time: 0:0:0.059                           
Build GPV sd 3 x Time: 0:0:0.013                              
Build GPV sofiel zz Time: 0:0:0.109                           
Build GPV sd 3 y Time: 0:0:0.017                              
Build GPV sofiel xz Time: 0:0:0.071                           
Build GPV sd 3 y Time: 0:0:0.014                              
Build GPV sofiel yz Time: 0:0:0.059                           
Build GPV sd 3 y Time: 0:0:0.013                              
Build GPV sofiel zz Time: 0:0:0.109                           
Build GPV sd 3 z Time: 0:0:0.028                              
Build GPV sofiel xz Time: 0:0:0.057                           
Build GPV sd 3 z Time: 0:0:0.031                              
Build GPV sofiel yz Time: 0:0:0.062                           
Build GPV sd 3 z Time: 0:0:0.026                              
Build GPV sofiel zz Time: 0:0:0.106                           
Build GPV angmom x Time: 0:0:0.025                            
Build GPV psoke 1 Time: 0:0:0.548                             
Build GPV angmom y Time: 0:0:0.023                            
Build GPV psoke 2 Time: 0:0:1.143                             
Build GPV angmom z Time: 0:0:0.047                            
Build GPV psoke 3 Time: 0:0:1.265                             
Build GPV pso 1 Time: 0:0:0.079                               
Build GPV ozke x Time: 0:0:0.134                              
Build GPV pso 2 Time: 0:0:0.078                               
Build GPV ozke y Time: 0:0:0.134                              
Build GPV pso 3 Time: 0:0:0.080                               
Build GPV ozke z Time: 0:0:0.136                              
Build GPV angmom x Time: 0:0:0.052                            
Build GPV fc 1 Time: 0:0:0.078                                
Build GPV spinorbit x Time: 0:0:0.232                         
Build GPV angmom y Time: 0:0:0.055                            
Build GPV fc 1 Time: 0:0:0.100                                
Build GPV spinorbit y Time: 0:0:0.215                         
Build GPV angmom z Time: 0:0:0.053                            
Build GPV fc 1 Time: 0:0:0.105                                
Build GPV spinorbit z Time: 0:0:0.223                         
Build GPV angmom x Time: 0:0:0.056                            
Build GPV sd 1 x Time: 0:0:0.074                              
Build GPV spinorbit x Time: 0:0:0.227                         
Build GPV angmom x Time: 0:0:0.053                            
Build GPV sd 1 y Time: 0:0:0.035                              
Build GPV spinorbit y Time: 0:0:0.196                         
Build GPV angmom x Time: 0:0:0.052                            
Build GPV sd 1 z Time: 0:0:0.030                              
Build GPV spinorbit z Time: 0:0:0.195                         
Build GPV angmom y Time: 0:0:0.049                            
Build GPV sd 2 x Time: 0:0:0.033                              
Build GPV spinorbit x Time: 0:0:0.213                         
Build GPV angmom y Time: 0:0:0.049                            
Build GPV sd 2 y Time: 0:0:0.062                              
Build GPV spinorbit y Time: 0:0:0.210                         
Build GPV angmom y Time: 0:0:0.074                            
Build GPV sd 2 z Time: 0:0:0.036                              
Build GPV spinorbit z Time: 0:0:0.218                         
Build GPV angmom z Time: 0:0:0.051                            
Build GPV sd 3 x Time: 0:0:0.021                              
Build GPV spinorbit x Time: 0:0:0.134                         
Build GPV angmom z Time: 0:0:0.037                            
Build GPV sd 3 y Time: 0:0:0.025                              
Build GPV spinorbit y Time: 0:0:0.145                         
Build GPV angmom z Time: 0:0:0.035                            
Build GPV sd 3 z Time: 0:0:0.043                              
Build GPV spinorbit z Time: 0:0:0.155                         
Build GPV angmom x Time: 0:0:0.035                            
Build GPV pso 1 Time: 0:0:0.052                               
Build GPV massvelo Time: 0:0:0.113                            
Build GPV angmom y Time: 0:0:0.035                            
Build GPV pso 2 Time: 0:0:0.057                               
Build GPV massvelo Time: 0:0:0.098                            
Build GPV angmom z Time: 0:0:0.029                            
Build GPV pso 3 Time: 0:0:0.043                               
Build GPV massvelo Time: 0:0:0.100                            
Build GPV angmom x Time: 0:0:0.029                            
Build GPV pso 1 Time: 0:0:0.042                               
Build GPV darwin Time: 0:0:0.091                              
Build GPV angmom y Time: 0:0:0.027                            
Build GPV pso 2 Time: 0:0:0.039                               
Build GPV darwin Time: 0:0:0.086                              
Build GPV angmom z Time: 0:0:0.027                            
Build GPV pso 3 Time: 0:0:0.039                               
Build GPV darwin Time: 0:0:0.088                              
Build GPV nstcgo 1 x Time: 0:0:0.044                          
Build GPV darwin Time: 0:0:0.082                              
Build GPV nstcgo 2 y Time: 0:0:0.046                          
Build GPV darwin Time: 0:0:0.095                              
Build GPV nstcgo 3 z Time: 0:0:0.044                          
Build GPV darwin Time: 0:0:0.074                              
Build GPV nstcgo 1 x Time: 0:0:0.036                          
Build GPV massvelo Time: 0:0:0.069                            
Build GPV nstcgo 2 y Time: 0:0:0.037                          
Build GPV massvelo Time: 0:0:0.064                            
Build GPV nstcgo 3 z Time: 0:0:0.034                          
Build GPV massvelo Time: 0:0:0.065                            
Build GPV angmom x Time: 0:0:0.015                            
Build GPV pso 4 Time: 0:0:0.034                               
Build GPV angmom y Time: 0:0:0.013                            
Build GPV pso 5 Time: 0:0:0.034                               
Build GPV angmom z Time: 0:0:0.014                            
Build GPV pso 6 Time: 0:0:0.034                               
Build GPV kinetic Time: 0:0:0.014                             
Build GPV fc 2 Time: 0:0:0.022                                
Build GPV laplacian xx Time: 0:0:0.009                        
Build GPV sd 4 x Time: 0:0:0.034                              
Build GPV laplacian xy Time: 0:0:0.009                        
Build GPV sd 4 x Time: 0:0:0.038                              
Build GPV laplacian xz Time: 0:0:0.009                        
Build GPV sd 4 x Time: 0:0:0.034                              
Build GPV laplacian xx Time: 0:0:0.009                        
Build GPV sd 4 y Time: 0:0:0.014                              
Build GPV laplacian xy Time: 0:0:0.012                        
Build GPV sd 4 y Time: 0:0:0.011                              
Build GPV laplacian xz Time: 0:0:0.009                        
Build GPV sd 4 y Time: 0:0:0.013                              
Build GPV laplacian xx Time: 0:0:0.011                        
Build GPV sd 4 z Time: 0:0:0.012                              
Build GPV laplacian xy Time: 0:0:0.010                        
Build GPV sd 4 z Time: 0:0:0.013                              
Build GPV laplacian xz Time: 0:0:0.012                        
Build GPV sd 4 z Time: 0:0:0.011                              
Build GPV laplacian xy Time: 0:0:0.010                        
Build GPV sd 5 x Time: 0:0:0.016                              
Build GPV laplacian yy Time: 0:0:0.010                        
Build GPV sd 5 x Time: 0:0:0.011                              
Build GPV laplacian yz Time: 0:0:0.010                        
Build GPV sd 5 x Time: 0:0:0.013                              
Build GPV laplacian xy Time: 0:0:0.010                        
Build GPV sd 5 y Time: 0:0:0.037                              
Build GPV laplacian yy Time: 0:0:0.010                        
Build GPV sd 5 y Time: 0:0:0.035                              
Build GPV laplacian yz Time: 0:0:0.009                        
Build GPV sd 5 y Time: 0:0:0.035                              
Build GPV laplacian xy Time: 0:0:0.011                        
Build GPV sd 5 z Time: 0:0:0.013                              
Build GPV laplacian yy Time: 0:0:0.011                        
Build GPV sd 5 z Time: 0:0:0.016                              
Build GPV laplacian yz Time: 0:0:0.009                        
Build GPV sd 5 z Time: 0:0:0.013                              
Build GPV laplacian xz Time: 0:0:0.017                        
Build GPV sd 6 x Time: 0:0:0.013                              
Build GPV laplacian yz Time: 0:0:0.008                        
Build GPV sd 6 x Time: 0:0:0.014                              
Build GPV laplacian zz Time: 0:0:0.010                        
Build GPV sd 6 x Time: 0:0:0.015                              
Build GPV laplacian xz Time: 0:0:0.009                        
Build GPV sd 6 y Time: 0:0:0.013                              
Build GPV laplacian yz Time: 0:0:0.012                        
Build GPV sd 6 y Time: 0:0:0.017                              
Build GPV laplacian zz Time: 0:0:0.012                        
Build GPV sd 6 y Time: 0:0:0.037                              
Build GPV laplacian xz Time: 0:0:0.015                        
Build GPV sd 6 z Time: 0:0:0.042                              
Build GPV laplacian yz Time: 0:0:0.011                        
Build GPV sd 6 z Time: 0:0:0.036                              
Build GPV laplacian zz Time: 0:0:0.011                        
Build GPV sd 6 z Time: 0:0:0.035                              
Build GPV fc 2 Time: 0:0:0.023                                
Build GPV sofiel xx Time: 0:0:0.067                           
Build GPV fc 2 Time: 0:0:0.020                                
Build GPV sofiel yy Time: 0:0:0.066                           
Build GPV fc 2 Time: 0:0:0.020                                
Build GPV sofiel zz Time: 0:0:0.071                           
Build GPV sd 4 x Time: 0:0:0.039                              
Build GPV sofiel xx Time: 0:0:0.064                           
Build GPV sd 4 x Time: 0:0:0.036                              
Build GPV sofiel yx Time: 0:0:0.036                           
Build GPV sd 4 x Time: 0:0:0.036                              
Build GPV sofiel zx Time: 0:0:0.036                           
Build GPV sd 4 y Time: 0:0:0.012                              
Build GPV sofiel xx Time: 0:0:0.066                           
Build GPV sd 4 y Time: 0:0:0.013                              
Build GPV sofiel yx Time: 0:0:0.037                           
Build GPV sd 4 y Time: 0:0:0.015                              
Build GPV sofiel zx Time: 0:0:0.037                           
Build GPV sd 4 z Time: 0:0:0.013                              
Build GPV sofiel xx Time: 0:0:0.068                           
Build GPV sd 4 z Time: 0:0:0.015                              
Build GPV sofiel yx Time: 0:0:0.039                           
Build GPV sd 4 z Time: 0:0:0.013                              
Build GPV sofiel zx Time: 0:0:0.038                           
Build GPV sd 5 x Time: 0:0:0.011                              
Build GPV sofiel xy Time: 0:0:0.038                           
Build GPV sd 5 x Time: 0:0:0.011                              
Build GPV sofiel yy Time: 0:0:0.066                           
Build GPV sd 5 x Time: 0:0:0.013                              
Build GPV sofiel zy Time: 0:0:0.035                           
Build GPV sd 5 y Time: 0:0:0.035                              
Build GPV sofiel xy Time: 0:0:0.037                           
Build GPV sd 5 y Time: 0:0:0.034                              
Build GPV sofiel yy Time: 0:0:0.069                           
Build GPV sd 5 y Time: 0:0:0.035                              
Build GPV sofiel zy Time: 0:0:0.036                           
Build GPV sd 5 z Time: 0:0:0.014                              
Build GPV sofiel xy Time: 0:0:0.036                           
Build GPV sd 5 z Time: 0:0:0.013                              
Build GPV sofiel yy Time: 0:0:0.063                           
Build GPV sd 5 z Time: 0:0:0.013                              
Build GPV sofiel zy Time: 0:0:0.036                           
Build GPV sd 6 x Time: 0:0:0.013                              
Build GPV sofiel xz Time: 0:0:0.037                           
Build GPV sd 6 x Time: 0:0:0.015                              
Build GPV sofiel yz Time: 0:0:0.039                           
Build GPV sd 6 x Time: 0:0:0.015                              
Build GPV sofiel zz Time: 0:0:0.066                           
Build GPV sd 6 y Time: 0:0:0.013                              
Build GPV sofiel xz Time: 0:0:0.044                           
Build GPV sd 6 y Time: 0:0:0.017                              
Build GPV sofiel yz Time: 0:0:0.046                           
Build GPV sd 6 y Time: 0:0:0.018                              
Build GPV sofiel zz Time: 0:0:0.092                           
Build GPV sd 6 z Time: 0:0:0.051                              
Build GPV sofiel xz Time: 0:0:0.051                           
Build GPV sd 6 z Time: 0:0:0.046                              
Build GPV sofiel yz Time: 0:0:0.048                           
Build GPV sd 6 z Time: 0:0:0.046                              
Build GPV sofiel zz Time: 0:0:0.093                           
Build GPV angmom x Time: 0:0:0.019                            
Build GPV psoke 4 Time: 0:0:0.945                             
Build GPV angmom y Time: 0:0:0.016                            
Build GPV psoke 5 Time: 0:0:0.944                             
Build GPV angmom z Time: 0:0:0.019                            
Build GPV psoke 6 Time: 0:0:0.885                             
Build GPV pso 4 Time: 0:0:0.042                               
Build GPV ozke x Time: 0:0:0.043                              
Build GPV pso 5 Time: 0:0:0.042                               
Build GPV ozke y Time: 0:0:0.041                              
Build GPV pso 6 Time: 0:0:0.045                               
Build GPV ozke z Time: 0:0:0.040                              
Build GPV angmom x Time: 0:0:0.018                            
Build GPV fc 2 Time: 0:0:0.028                                
Build GPV spinorbit x Time: 0:0:0.068                         
Build GPV angmom y Time: 0:0:0.016                            
Build GPV fc 2 Time: 0:0:0.027                                
Build GPV spinorbit y Time: 0:0:0.064                         
Build GPV angmom z Time: 0:0:0.021                            
Build GPV fc 2 Time: 0:0:0.031                                
Build GPV spinorbit z Time: 0:0:0.069                         
Build GPV angmom x Time: 0:0:0.015                            
Build GPV sd 4 x Time: 0:0:0.043                              
Build GPV spinorbit x Time: 0:0:0.075                         
Build GPV angmom x Time: 0:0:0.025                            
Build GPV sd 4 y Time: 0:0:0.022                              
Build GPV spinorbit y Time: 0:0:0.081                         
Build GPV angmom x Time: 0:0:0.019                            
Build GPV sd 4 z Time: 0:0:0.021                              
Build GPV spinorbit z Time: 0:0:0.078                         
Build GPV angmom y Time: 0:0:0.023                            
Build GPV sd 5 x Time: 0:0:0.021                              
Build GPV spinorbit x Time: 0:0:0.072                         
Build GPV angmom y Time: 0:0:0.020                            
Build GPV sd 5 y Time: 0:0:0.053                              
Build GPV spinorbit y Time: 0:0:0.073                         
Build GPV angmom y Time: 0:0:0.025                            
Build GPV sd 5 z Time: 0:0:0.017                              
Build GPV spinorbit z Time: 0:0:0.071                         
Build GPV angmom z Time: 0:0:0.021                            
Build GPV sd 6 x Time: 0:0:0.019                              
Build GPV spinorbit x Time: 0:0:0.075                         
Build GPV angmom z Time: 0:0:0.017                            
Build GPV sd 6 y Time: 0:0:0.018                              
Build GPV spinorbit y Time: 0:0:0.073                         
Build GPV angmom z Time: 0:0:0.019                            
Build GPV sd 6 z Time: 0:0:0.047                              
Build GPV spinorbit z Time: 0:0:0.067                         
Build GPV angmom x Time: 0:0:0.018                            
Build GPV pso 4 Time: 0:0:0.039                               
Build GPV massvelo Time: 0:0:0.042                            
Build GPV angmom y Time: 0:0:0.016                            
Build GPV pso 5 Time: 0:0:0.044                               
Build GPV massvelo Time: 0:0:0.045                            
Build GPV angmom z Time: 0:0:0.018                            
Build GPV pso 6 Time: 0:0:0.043                               
Build GPV massvelo Time: 0:0:0.043                            
Build GPV angmom x Time: 0:0:0.016                            
Build GPV pso 4 Time: 0:0:0.040                               
Build GPV darwin Time: 0:0:0.049                              
Build GPV angmom y Time: 0:0:0.016                            
Build GPV pso 5 Time: 0:0:0.042                               
Build GPV darwin Time: 0:0:0.048                              
Build GPV angmom z Time: 0:0:0.016                            
Build GPV pso 6 Time: 0:0:0.041                               
Build GPV darwin Time: 0:0:0.054                              
Build GPV nstcgo 4 x Time: 0:0:0.054                          
Build GPV darwin Time: 0:0:0.052                              
Build GPV nstcgo 5 y Time: 0:0:0.056                          
Build GPV darwin Time: 0:0:0.048                              
Build GPV nstcgo 6 z Time: 0:0:0.050                          
Build GPV darwin Time: 0:0:0.046                              
Build GPV nstcgo 4 x Time: 0:0:0.054                          
Build GPV massvelo Time: 0:0:0.048                            
Build GPV nstcgo 5 y Time: 0:0:0.058                          
Build GPV massvelo Time: 0:0:0.049                            
Build GPV nstcgo 6 z Time: 0:0:0.063                          
Build GPV massvelo Time: 0:0:0.051                            
Paramagnetic Calculations Time: 2:39:44.643                   
LRESC Time: 2:39:44.647                                       
ttttttttttttttttttttttttttttttttttttttttttttttttttttttttttttttt 

********************************************************************************
***                          END LRESC CALCULATION                           ***
********************************************************************************
