Molden's file is valid.
*** Warning VER ESTO MEJORAR
                    Each atom is a molecule. You can group atoms put on the same index
                    into molden file in section [Atoms], second column. Example: 

                    O 1 8 0.0 0.0 0.0
                    H 1 1 0.0 0.0 0.0
                    H 1 1 0.0 0.0 0.0

*** There are l higher p, then is neccesary re-organize mo coefficient ***
*** when is used DALTON, which will done ***
********************************************************************************
***                                  LRESC                                   ***
********************************************************************************

                     ***************************                      
                     * LRESC Shielding Results *                      
                     ***************************                      
                                  Isotropic Values [ppm]                                  
                                            and                                                                             Anisotropic Values [ppm]                                
                         ----------------------------------------                        


                                    @@@@ Atom: Li1 @@@@                                    


                                           Para                                          
                                   |¯¯¯¯¯¯¯¯¯¯¯¯¯¯¯¯¯¯|                                  
                                   |    18.384669     |                                  
                                   |    55.154008     |                                  
                                    ¯¯¯¯¯¯¯¯¯¯¯¯¯¯¯¯¯¯                                   

                             ---> Paramagnetic Corrections <---                            

                         <<L; {PSO, K}>>        <<PSO; {L, K}>>                          
                       |¯¯¯¯¯¯¯¯¯¯¯¯¯¯¯¯¯¯|   |¯¯¯¯¯¯¯¯¯¯¯¯¯¯¯¯¯¯|                       
                       |     0.001578     |   |    -0.000531     |                       
                       |     0.004735     |   |    -0.001592     |                       
                        ¯¯¯¯¯¯¯¯¯¯¯¯¯¯¯¯¯¯     ¯¯¯¯¯¯¯¯¯¯¯¯¯¯¯¯¯¯                        
     <<FC; K>>              <<SD; K>>              <<FC; BSO>>            <<SD; BSO>>     
|¯¯¯¯¯¯¯¯¯¯¯¯¯¯¯¯¯¯|   |¯¯¯¯¯¯¯¯¯¯¯¯¯¯¯¯¯¯|   |¯¯¯¯¯¯¯¯¯¯¯¯¯¯¯¯¯¯|   |¯¯¯¯¯¯¯¯¯¯¯¯¯¯¯¯¯¯|
|    -0.383660     |   |     0.000000     |   |     0.102379     |   |    -0.000261     |
|    -0.383660     |   |    -0.000161     |   |     0.091544     |   |    -0.000562     |
 ¯¯¯¯¯¯¯¯¯¯¯¯¯¯¯¯¯¯     ¯¯¯¯¯¯¯¯¯¯¯¯¯¯¯¯¯¯     ¯¯¯¯¯¯¯¯¯¯¯¯¯¯¯¯¯¯     ¯¯¯¯¯¯¯¯¯¯¯¯¯¯¯¯¯¯ 
                          <<L; PSO, Mv>>         <<L; PSO, Dw>>                          
                       |¯¯¯¯¯¯¯¯¯¯¯¯¯¯¯¯¯¯|   |¯¯¯¯¯¯¯¯¯¯¯¯¯¯¯¯¯¯|                       
                       |     0.007068     |   |    -0.007208     |                       
                       |     0.021203     |   |    -0.021623     |                       
                        ¯¯¯¯¯¯¯¯¯¯¯¯¯¯¯¯¯¯     ¯¯¯¯¯¯¯¯¯¯¯¯¯¯¯¯¯¯                        
                          <<L; FC, SO>>          <<L; SD, SO>>                           
                       |¯¯¯¯¯¯¯¯¯¯¯¯¯¯¯¯¯¯|   |¯¯¯¯¯¯¯¯¯¯¯¯¯¯¯¯¯¯|                       
                       |    -0.008708     |   |    -0.001467     |                       
                       |    -0.026125     |   |    -0.003152     |                       
                        ¯¯¯¯¯¯¯¯¯¯¯¯¯¯¯¯¯¯     ¯¯¯¯¯¯¯¯¯¯¯¯¯¯¯¯¯¯                        
                                           Dia                                           
                                   |¯¯¯¯¯¯¯¯¯¯¯¯¯¯¯¯¯¯|                                  
                                   |    108.378824    |                                  
                                   |    121.574265    |                                  
                                    ¯¯¯¯¯¯¯¯¯¯¯¯¯¯¯¯¯¯                                   

                             ---> Diamagnetic Corrections <---                             

                            <<A²; Mv>>             <<A²; Dw>>                            
                       |¯¯¯¯¯¯¯¯¯¯¯¯¯¯¯¯¯¯|   |¯¯¯¯¯¯¯¯¯¯¯¯¯¯¯¯¯¯|                       
                       |    -0.110394     |   |     0.069406     |                       
                       |    -0.109288     |   |     0.068632     |                       
                        ¯¯¯¯¯¯¯¯¯¯¯¯¯¯¯¯¯¯     ¯¯¯¯¯¯¯¯¯¯¯¯¯¯¯¯¯¯                        
                    <FC>                 <PSOOZ>                <DNSKE>                  
            |¯¯¯¯¯¯¯¯¯¯¯¯¯¯¯¯¯¯|   |¯¯¯¯¯¯¯¯¯¯¯¯¯¯¯¯¯¯|   |¯¯¯¯¯¯¯¯¯¯¯¯¯¯¯¯¯¯|           
            |    -0.135521     |   |    -0.000161     |   |    -0.025704     |           
            |    -0.135521     |   |    -0.000161     |   |    -0.025704     |           
             ¯¯¯¯¯¯¯¯¯¯¯¯¯¯¯¯¯¯     ¯¯¯¯¯¯¯¯¯¯¯¯¯¯¯¯¯¯     ¯¯¯¯¯¯¯¯¯¯¯¯¯¯¯¯¯¯            
              NR                 LRESC        
       Para       Dia       Para       Dia        NR       LRESC      Total  
--------------------------------------------------------------------------------
iso  18.3847    108.3788   -0.2925   -0.2024   126.7635   -0.4949    126.2686 
ani  55.1540    121.5743   -0.3246   -0.2026   176.7283   -0.5271    176.2011 
                         ---------------------
                           Ligand      Core   
                         ---------------------
iso                       -0.0093    17.8990  
ani                       -0.0266    54.6534  

 :::::::::::::::::::::::::::::::::::::::::::::::::::::::::::::::::::::::::::::::::::::::::


                                     @@@@ Atom: H2 @@@@                                    


                                           Para                                          
                                   |¯¯¯¯¯¯¯¯¯¯¯¯¯¯¯¯¯¯|                                  
                                   |    13.406092     |                                  
                                   |    40.218277     |                                  
                                    ¯¯¯¯¯¯¯¯¯¯¯¯¯¯¯¯¯¯                                   

                             ---> Paramagnetic Corrections <---                            

                         <<L; {PSO, K}>>        <<PSO; {L, K}>>                          
                       |¯¯¯¯¯¯¯¯¯¯¯¯¯¯¯¯¯¯|   |¯¯¯¯¯¯¯¯¯¯¯¯¯¯¯¯¯¯|                       
                       |     0.003795     |   |    -0.003775     |                       
                       |     0.011385     |   |    -0.011324     |                       
                        ¯¯¯¯¯¯¯¯¯¯¯¯¯¯¯¯¯¯     ¯¯¯¯¯¯¯¯¯¯¯¯¯¯¯¯¯¯                        
     <<FC; K>>              <<SD; K>>              <<FC; BSO>>            <<SD; BSO>>     
|¯¯¯¯¯¯¯¯¯¯¯¯¯¯¯¯¯¯|   |¯¯¯¯¯¯¯¯¯¯¯¯¯¯¯¯¯¯|   |¯¯¯¯¯¯¯¯¯¯¯¯¯¯¯¯¯¯|   |¯¯¯¯¯¯¯¯¯¯¯¯¯¯¯¯¯¯|
|    -0.017507     |   |    -0.000038     |   |     0.001810     |   |    -0.000038     |
|    -0.017507     |   |    -0.000059     |   |     0.003147     |   |    -0.000476     |
 ¯¯¯¯¯¯¯¯¯¯¯¯¯¯¯¯¯¯     ¯¯¯¯¯¯¯¯¯¯¯¯¯¯¯¯¯¯     ¯¯¯¯¯¯¯¯¯¯¯¯¯¯¯¯¯¯     ¯¯¯¯¯¯¯¯¯¯¯¯¯¯¯¯¯¯ 
                          <<L; PSO, Mv>>         <<L; PSO, Dw>>                          
                       |¯¯¯¯¯¯¯¯¯¯¯¯¯¯¯¯¯¯|   |¯¯¯¯¯¯¯¯¯¯¯¯¯¯¯¯¯¯|                       
                       |    -0.003057     |   |    -0.000524     |                       
                       |    -0.009172     |   |    -0.001572     |                       
                        ¯¯¯¯¯¯¯¯¯¯¯¯¯¯¯¯¯¯     ¯¯¯¯¯¯¯¯¯¯¯¯¯¯¯¯¯¯                        
                          <<L; FC, SO>>          <<L; SD, SO>>                           
                       |¯¯¯¯¯¯¯¯¯¯¯¯¯¯¯¯¯¯|   |¯¯¯¯¯¯¯¯¯¯¯¯¯¯¯¯¯¯|                       
                       |    -0.001084     |   |     0.000127     |                       
                       |    -0.003252     |   |    -0.000635     |                       
                        ¯¯¯¯¯¯¯¯¯¯¯¯¯¯¯¯¯¯     ¯¯¯¯¯¯¯¯¯¯¯¯¯¯¯¯¯¯                        
                                           Dia                                           
                                   |¯¯¯¯¯¯¯¯¯¯¯¯¯¯¯¯¯¯|                                  
                                   |    40.648312     |                                  
                                   |    64.237889     |                                  
                                    ¯¯¯¯¯¯¯¯¯¯¯¯¯¯¯¯¯¯                                   

                             ---> Diamagnetic Corrections <---                             

                            <<A²; Mv>>             <<A²; Dw>>                            
                       |¯¯¯¯¯¯¯¯¯¯¯¯¯¯¯¯¯¯|   |¯¯¯¯¯¯¯¯¯¯¯¯¯¯¯¯¯¯|                       
                       |    -0.001082     |   |     0.000665     |                       
                       |    -0.004674     |   |     0.003205     |                       
                        ¯¯¯¯¯¯¯¯¯¯¯¯¯¯¯¯¯¯     ¯¯¯¯¯¯¯¯¯¯¯¯¯¯¯¯¯¯                        
                    <FC>                 <PSOOZ>                <DNSKE>                  
            |¯¯¯¯¯¯¯¯¯¯¯¯¯¯¯¯¯¯|   |¯¯¯¯¯¯¯¯¯¯¯¯¯¯¯¯¯¯|   |¯¯¯¯¯¯¯¯¯¯¯¯¯¯¯¯¯¯|           
            |    -0.003627     |   |    -0.001633     |   |    -0.001757     |           
            |    -0.003627     |   |    -0.001633     |   |    -0.001757     |           
             ¯¯¯¯¯¯¯¯¯¯¯¯¯¯¯¯¯¯     ¯¯¯¯¯¯¯¯¯¯¯¯¯¯¯¯¯¯     ¯¯¯¯¯¯¯¯¯¯¯¯¯¯¯¯¯¯            
              NR                 LRESC        
       Para       Dia       Para       Dia        NR       LRESC      Total  
--------------------------------------------------------------------------------
iso  13.4061    40.6483    -0.0202   -0.0074    54.0544   -0.0277    54.0267  
ani  40.2183    64.2379    -0.0293   -0.0139   104.4562   -0.0432    104.4130 
                         ---------------------
                           Ligand      Core   
                         ---------------------
iso                       -0.0045    13.3829  
ani                       -0.0146    40.1896  
********************************************************************************
***                          END LRESC CALCULATION                           ***
********************************************************************************
