Molden's file is valid.
*** Warning VER ESTO MEJORAR
                    Each atom is a molecule. You can group atoms put on the same index
                    into molden file in section [Atoms], second column. Example: 

                    O 1 8 0.0 0.0 0.0
                    H 1 1 0.0 0.0 0.0
                    H 1 1 0.0 0.0 0.0

*** There are l higher p, then is neccesary re-organize mo coefficient ***
*** when is used DALTON, which will done ***
********************************************************************************
***                                  LRESC                                   ***
********************************************************************************

                     ***************************                      
                     * LRESC Shielding Results *                      
                     ***************************                      
                                  Isotropic Values [ppm]                                  
                                            and                                                                             Anisotropic Values [ppm]                                
                         ----------------------------------------                        


                                    @@@@ Atom: Li1 @@@@                                    


                                           Para                                          
                                   |¯¯¯¯¯¯¯¯¯¯¯¯¯¯¯¯¯¯|                                  
                                   |    -18.384671    |                                  
                                   |    -55.154012    |                                  
                                    ¯¯¯¯¯¯¯¯¯¯¯¯¯¯¯¯¯¯                                   

                             ---> Paramagnetic Corrections <---                            

                         <<L; {PSO, K}>>        <<PSO; {L, K}>>                          
                       |¯¯¯¯¯¯¯¯¯¯¯¯¯¯¯¯¯¯|   |¯¯¯¯¯¯¯¯¯¯¯¯¯¯¯¯¯¯|                       
                       |     0.001578     |   |     0.000531     |                       
                       |     0.004735     |   |     0.001592     |                       
                        ¯¯¯¯¯¯¯¯¯¯¯¯¯¯¯¯¯¯     ¯¯¯¯¯¯¯¯¯¯¯¯¯¯¯¯¯¯                        
     <<FC; K>>              <<SD; K>>              <<FC; BSO>>            <<SD; BSO>>     
|¯¯¯¯¯¯¯¯¯¯¯¯¯¯¯¯¯¯|   |¯¯¯¯¯¯¯¯¯¯¯¯¯¯¯¯¯¯|   |¯¯¯¯¯¯¯¯¯¯¯¯¯¯¯¯¯¯|   |¯¯¯¯¯¯¯¯¯¯¯¯¯¯¯¯¯¯|
|     0.383660     |   |    -0.000000     |   |    -0.102379     |   |     0.000261     |
|     0.383660     |   |     0.000161     |   |    -0.091544     |   |     0.000562     |
 ¯¯¯¯¯¯¯¯¯¯¯¯¯¯¯¯¯¯     ¯¯¯¯¯¯¯¯¯¯¯¯¯¯¯¯¯¯     ¯¯¯¯¯¯¯¯¯¯¯¯¯¯¯¯¯¯     ¯¯¯¯¯¯¯¯¯¯¯¯¯¯¯¯¯¯ 
                          <<L; PSO, Mv>>         <<L; PSO, Dw>>                          
                       |¯¯¯¯¯¯¯¯¯¯¯¯¯¯¯¯¯¯|   |¯¯¯¯¯¯¯¯¯¯¯¯¯¯¯¯¯¯|                       
                       |    -0.002465     |   |     0.001248     |                       
                       |    -0.007394     |   |     0.003745     |                       
                        ¯¯¯¯¯¯¯¯¯¯¯¯¯¯¯¯¯¯     ¯¯¯¯¯¯¯¯¯¯¯¯¯¯¯¯¯¯                        
                          <<L; FC, SO>>          <<L; SD, SO>>                           
                       |¯¯¯¯¯¯¯¯¯¯¯¯¯¯¯¯¯¯|   |¯¯¯¯¯¯¯¯¯¯¯¯¯¯¯¯¯¯|                       
                       |     0.005340     |   |     0.000416     |                       
                       |     0.016020     |   |    -0.000002     |                       
                        ¯¯¯¯¯¯¯¯¯¯¯¯¯¯¯¯¯¯     ¯¯¯¯¯¯¯¯¯¯¯¯¯¯¯¯¯¯                        
                                           Dia                                           
                                   |¯¯¯¯¯¯¯¯¯¯¯¯¯¯¯¯¯¯|                                  
                                   |    108.378824    |                                  
                                   |    121.574265    |                                  
                                    ¯¯¯¯¯¯¯¯¯¯¯¯¯¯¯¯¯¯                                   

                             ---> Diamagnetic Corrections <---                             

                            <<A²; Mv>>             <<A²; Dw>>                            
                       |¯¯¯¯¯¯¯¯¯¯¯¯¯¯¯¯¯¯|   |¯¯¯¯¯¯¯¯¯¯¯¯¯¯¯¯¯¯|                       
                       |     0.110394     |   |    -0.069406     |                       
                       |     0.109288     |   |    -0.068632     |                       
                        ¯¯¯¯¯¯¯¯¯¯¯¯¯¯¯¯¯¯     ¯¯¯¯¯¯¯¯¯¯¯¯¯¯¯¯¯¯                        
                    <FC>                 <PSOOZ>                <DNSKE>                  
            |¯¯¯¯¯¯¯¯¯¯¯¯¯¯¯¯¯¯|   |¯¯¯¯¯¯¯¯¯¯¯¯¯¯¯¯¯¯|   |¯¯¯¯¯¯¯¯¯¯¯¯¯¯¯¯¯¯|           
            |    -0.135521     |   |    -0.000161     |   |    -0.025704     |           
            |    -0.135521     |   |    -0.000161     |   |    -0.025704     |           
             ¯¯¯¯¯¯¯¯¯¯¯¯¯¯¯¯¯¯     ¯¯¯¯¯¯¯¯¯¯¯¯¯¯¯¯¯¯     ¯¯¯¯¯¯¯¯¯¯¯¯¯¯¯¯¯¯            
              NR                 LRESC        
       Para       Dia       Para       Dia        NR       LRESC      Total  
--------------------------------------------------------------------------------
iso  -18.3847   108.3788   0.2889    -0.1204    89.9942    0.1685    90.1626  
ani  -55.1540   121.5743   0.3136    -0.1212    66.4203    0.1923    66.6126  
                         ---------------------
                           Ligand      Core   
                         ---------------------
iso                        0.0066    -18.2229 
ani                        0.0187    -54.9804 

 :::::::::::::::::::::::::::::::::::::::::::::::::::::::::::::::::::::::::::::::::::::::::


                                     @@@@ Atom: H2 @@@@                                    


                                           Para                                          
                                   |¯¯¯¯¯¯¯¯¯¯¯¯¯¯¯¯¯¯|                                  
                                   |    -13.406092    |                                  
                                   |    -40.218277    |                                  
                                    ¯¯¯¯¯¯¯¯¯¯¯¯¯¯¯¯¯¯                                   

                             ---> Paramagnetic Corrections <---                            

                         <<L; {PSO, K}>>        <<PSO; {L, K}>>                          
                       |¯¯¯¯¯¯¯¯¯¯¯¯¯¯¯¯¯¯|   |¯¯¯¯¯¯¯¯¯¯¯¯¯¯¯¯¯¯|                       
                       |     0.003795     |   |     0.003775     |                       
                       |     0.011385     |   |     0.011324     |                       
                        ¯¯¯¯¯¯¯¯¯¯¯¯¯¯¯¯¯¯     ¯¯¯¯¯¯¯¯¯¯¯¯¯¯¯¯¯¯                        
     <<FC; K>>              <<SD; K>>              <<FC; BSO>>            <<SD; BSO>>     
|¯¯¯¯¯¯¯¯¯¯¯¯¯¯¯¯¯¯|   |¯¯¯¯¯¯¯¯¯¯¯¯¯¯¯¯¯¯|   |¯¯¯¯¯¯¯¯¯¯¯¯¯¯¯¯¯¯|   |¯¯¯¯¯¯¯¯¯¯¯¯¯¯¯¯¯¯|
|     0.017507     |   |     0.000038     |   |    -0.001810     |   |     0.000038     |
|     0.017507     |   |     0.000059     |   |    -0.003147     |   |     0.000476     |
 ¯¯¯¯¯¯¯¯¯¯¯¯¯¯¯¯¯¯     ¯¯¯¯¯¯¯¯¯¯¯¯¯¯¯¯¯¯     ¯¯¯¯¯¯¯¯¯¯¯¯¯¯¯¯¯¯     ¯¯¯¯¯¯¯¯¯¯¯¯¯¯¯¯¯¯ 
                          <<L; PSO, Mv>>         <<L; PSO, Dw>>                          
                       |¯¯¯¯¯¯¯¯¯¯¯¯¯¯¯¯¯¯|   |¯¯¯¯¯¯¯¯¯¯¯¯¯¯¯¯¯¯|                       
                       |     0.012203     |   |    -0.011404     |                       
                       |     0.036609     |   |    -0.034211     |                       
                        ¯¯¯¯¯¯¯¯¯¯¯¯¯¯¯¯¯¯     ¯¯¯¯¯¯¯¯¯¯¯¯¯¯¯¯¯¯                        
                          <<L; FC, SO>>          <<L; SD, SO>>                           
                       |¯¯¯¯¯¯¯¯¯¯¯¯¯¯¯¯¯¯|   |¯¯¯¯¯¯¯¯¯¯¯¯¯¯¯¯¯¯|                       
                       |    -0.000432     |   |    -0.000154     |                       
                       |    -0.001296     |   |     0.000554     |                       
                        ¯¯¯¯¯¯¯¯¯¯¯¯¯¯¯¯¯¯     ¯¯¯¯¯¯¯¯¯¯¯¯¯¯¯¯¯¯                        
                                           Dia                                           
                                   |¯¯¯¯¯¯¯¯¯¯¯¯¯¯¯¯¯¯|                                  
                                   |    40.648312     |                                  
                                   |    64.237889     |                                  
                                    ¯¯¯¯¯¯¯¯¯¯¯¯¯¯¯¯¯¯                                   

                             ---> Diamagnetic Corrections <---                             

                            <<A²; Mv>>             <<A²; Dw>>                            
                       |¯¯¯¯¯¯¯¯¯¯¯¯¯¯¯¯¯¯|   |¯¯¯¯¯¯¯¯¯¯¯¯¯¯¯¯¯¯|                       
                       |     0.001082     |   |    -0.000665     |                       
                       |     0.004674     |   |    -0.003205     |                       
                        ¯¯¯¯¯¯¯¯¯¯¯¯¯¯¯¯¯¯     ¯¯¯¯¯¯¯¯¯¯¯¯¯¯¯¯¯¯                        
                    <FC>                 <PSOOZ>                <DNSKE>                  
            |¯¯¯¯¯¯¯¯¯¯¯¯¯¯¯¯¯¯|   |¯¯¯¯¯¯¯¯¯¯¯¯¯¯¯¯¯¯|   |¯¯¯¯¯¯¯¯¯¯¯¯¯¯¯¯¯¯|           
            |    -0.003627     |   |    -0.001633     |   |    -0.001757     |           
            |    -0.003627     |   |    -0.001633     |   |    -0.001757     |           
             ¯¯¯¯¯¯¯¯¯¯¯¯¯¯¯¯¯¯     ¯¯¯¯¯¯¯¯¯¯¯¯¯¯¯¯¯¯     ¯¯¯¯¯¯¯¯¯¯¯¯¯¯¯¯¯¯            
              NR                 LRESC        
       Para       Dia       Para       Dia        NR       LRESC      Total  
--------------------------------------------------------------------------------
iso  -13.4061   40.6483    0.0235    -0.0066    27.2422    0.0169    27.2591  
ani  -40.2183   64.2379    0.0390    -0.0110    24.0196    0.0281    24.0477  
                         ---------------------
                           Ligand      Core   
                         ---------------------
iso                        0.0078    -13.3970 
ani                        0.0244    -40.2146 
********************************************************************************
***                          END LRESC CALCULATION                           ***
********************************************************************************
